<?xml version="1.0" encoding="UTF-8"?>
<!-- Generated by org.testng.reporters.JUnitReportReporter -->
<testsuite hostname="FB3TPUDGHJIMGYE" name="com.ipinyou.testcase.batch.BatchClosePlan" tests="5" failures="0" timestamp="24 Apr 2014 03:21:33 GMT" time="12.128" errors="0">
  <testcase name="batchclose" time="2.246" classname="com.ipinyou.testcase.batch.BatchClosePlan"/>
  <testcase name="search" time="4.081" classname="com.ipinyou.testcase.batch.BatchClosePlan"/>
  <testcase name="check1" time="0.751" classname="com.ipinyou.testcase.batch.BatchClosePlan"/>
  <testcase name="login" time="2.133" classname="com.ipinyou.testcase.batch.BatchClosePlan"/>
  <testcase name="check2" time="2.917" classname="com.ipinyou.testcase.batch.BatchClosePlan"/>
</testsuite> <!-- com.ipinyou.testcase.batch.BatchClosePlan -->
