<?xml version="1.0" encoding="UTF-8"?>
<!-- Generated by org.testng.reporters.JUnitReportReporter -->
<testsuite hostname="FB3TPUDGHJIMGYE" name="com.ipinyou.testcase.agency.CreateAgency" tests="4" failures="0" timestamp="22 Apr 2014 08:17:05 GMT" time="33.002" errors="0">
  <testcase name="backmannage" time="7.045" classname="com.ipinyou.testcase.agency.CreateAgency"/>
  <testcase name="check" time="2.322" classname="com.ipinyou.testcase.agency.CreateAgency"/>
  <testcase name="login" time="8.535" classname="com.ipinyou.testcase.agency.CreateAgency"/>
  <testcase name="createagency" time="15.100" classname="com.ipinyou.testcase.agency.CreateAgency"/>
</testsuite> <!-- com.ipinyou.testcase.agency.CreateAgency -->
