<?xml version="1.0" encoding="UTF-8"?>
<!-- Generated by org.testng.reporters.JUnitReportReporter -->
<testsuite hostname="FB3TPUDGHJIMGYE" name="com.ipinyou.testcase.batch.Mobile.BatchEditStrategyMobWeb" tests="4" failures="0" timestamp="24 Apr 2014 07:31:20 GMT" time="34.290" errors="0">
  <testcase name="login" time="2.540" classname="com.ipinyou.testcase.batch.Mobile.BatchEditStrategyMobWeb"/>
  <testcase name="batchedit" time="19.594" classname="com.ipinyou.testcase.batch.Mobile.BatchEditStrategyMobWeb"/>
  <testcase name="search" time="8.012" classname="com.ipinyou.testcase.batch.Mobile.BatchEditStrategyMobWeb"/>
  <testcase name="check" time="4.144" classname="com.ipinyou.testcase.batch.Mobile.BatchEditStrategyMobWeb"/>
</testsuite> <!-- com.ipinyou.testcase.batch.Mobile.BatchEditStrategyMobWeb -->
