<?xml version="1.0" encoding="UTF-8"?>
<!-- Generated by org.testng.reporters.JUnitReportReporter -->
<testsuite hostname="FB3TPUDGHJIMGYE" name="com.ipinyou.testcase.mobile.MobileWebStrategy" tests="5" failures="0" timestamp="24 Apr 2014 07:26:54 GMT" time="43.518" errors="0">
  <testcase name="mobilestrategy" time="28.703" classname="com.ipinyou.testcase.mobile.MobileWebStrategy"/>
  <testcase name="instrategy" time="1.059" classname="com.ipinyou.testcase.mobile.MobileWebStrategy"/>
  <testcase name="login" time="2.307" classname="com.ipinyou.testcase.mobile.MobileWebStrategy"/>
  <testcase name="search" time="6.394" classname="com.ipinyou.testcase.mobile.MobileWebStrategy"/>
  <testcase name="check" time="5.055" classname="com.ipinyou.testcase.mobile.MobileWebStrategy"/>
</testsuite> <!-- com.ipinyou.testcase.mobile.MobileWebStrategy -->
