<?xml version="1.0" encoding="UTF-8"?>
<!-- Generated by org.testng.reporters.JUnitReportReporter -->
<testsuite hostname="FB3TPUDGHJIMGYE" name="com.ipinyou.testcase.dsp.Creative" tests="8" failures="0" timestamp="24 Apr 2014 05:16:23 GMT" time="55.149" errors="0">
  <testcase name="selcomcreativegif" time="8.687" classname="com.ipinyou.testcase.dsp.Creative"/>
  <testcase name="search" time="9.248" classname="com.ipinyou.testcase.dsp.Creative"/>
  <testcase name="slecomcreativejpg" time="8.598" classname="com.ipinyou.testcase.dsp.Creative"/>
  <testcase name="selcomcreativepng" time="8.895" classname="com.ipinyou.testcase.dsp.Creative"/>
  <testcase name="slecomcreativeflv" time="8.432" classname="com.ipinyou.testcase.dsp.Creative"/>
  <testcase name="login" time="1.499" classname="com.ipinyou.testcase.dsp.Creative"/>
  <testcase name="increative" time="1.435" classname="com.ipinyou.testcase.dsp.Creative"/>
  <testcase name="selcomcreativeswf" time="8.355" classname="com.ipinyou.testcase.dsp.Creative"/>
</testsuite> <!-- com.ipinyou.testcase.dsp.Creative -->
