<?xml version="1.0" encoding="UTF-8"?>
<!-- Generated by org.testng.reporters.JUnitReportReporter -->
<testsuite hostname="FB3TPUDGHJIMGYE" name="com.ipinyou.testcase.selfadvertiser.Plan" tests="5" failures="0" timestamp="14 Apr 2014 02:39:37 GMT" time="11.504" errors="0">
  <testcase name="search" time="1.346" classname="com.ipinyou.testcase.selfadvertiser.Plan"/>
  <testcase name="createplan" time="2.512" classname="com.ipinyou.testcase.selfadvertiser.Plan"/>
  <testcase name="login" time="2.543" classname="com.ipinyou.testcase.selfadvertiser.Plan"/>
  <testcase name="check" time="2.292" classname="com.ipinyou.testcase.selfadvertiser.Plan"/>
  <testcase name="inplan" time="2.811" classname="com.ipinyou.testcase.selfadvertiser.Plan"/>
</testsuite> <!-- com.ipinyou.testcase.selfadvertiser.Plan -->
