<?xml version="1.0" encoding="UTF-8"?>
<!-- Generated by org.testng.reporters.JUnitReportReporter -->
<testsuite hostname="FB3TPUDGHJIMGYE" name="com.ipinyou.testcase.dsp.Order" tests="4" failures="0" timestamp="24 Apr 2014 03:15:45 GMT" time="8.623" errors="0">
  <testcase name="login" time="1.611" classname="com.ipinyou.testcase.dsp.Order"/>
  <testcase name="check" time="2.201" classname="com.ipinyou.testcase.dsp.Order"/>
  <testcase name="createorder" time="2.402" classname="com.ipinyou.testcase.dsp.Order"/>
  <testcase name="searchad" time="2.409" classname="com.ipinyou.testcase.dsp.Order"/>
</testsuite> <!-- com.ipinyou.testcase.dsp.Order -->
