<?xml version="1.0" encoding="UTF-8"?>
<!-- Generated by org.testng.reporters.JUnitReportReporter -->
<testsuite hostname="Brook" name="com.ipinyou.testcase.DynamicCreative" tests="2" failures="0" timestamp="10 Oct 2013 07:26:39 GMT" time="17.402" errors="0">
  <testcase name="login" time="8.823" classname="com.ipinyou.testcase.DynamicCreative"/>
  <testcase name="dynamiccreative" time="8.579" classname="com.ipinyou.testcase.DynamicCreative"/>
</testsuite> <!-- com.ipinyou.testcase.DynamicCreative -->
