<?xml version="1.0" encoding="UTF-8"?>
<!-- Generated by org.testng.reporters.JUnitReportReporter -->
<testsuite hostname="Brook" name="com.ipinyou.testcase.Allot" tests="2" failures="0" timestamp="8 Nov 2013 08:35:36 GMT" time="4.426" errors="0">
  <testcase name="allot" time="3.190" classname="com.ipinyou.testcase.Allot"/>
  <testcase name="login" time="1.236" classname="com.ipinyou.testcase.Allot"/>
</testsuite> <!-- com.ipinyou.testcase.Allot -->
