<?xml version="1.0" encoding="UTF-8"?>
<!-- Generated by org.testng.reporters.JUnitReportReporter -->
<testsuite hostname="FB3TPUDGHJIMGYE" name="com.ipinyou.testcase.batch.BatchUploadCreative" tests="4" failures="0" timestamp="24 Apr 2014 03:21:33 GMT" time="18.295" errors="0">
  <testcase name="batchuploadcreative" time="8.063" classname="com.ipinyou.testcase.batch.BatchUploadCreative"/>
  <testcase name="login" time="1.582" classname="com.ipinyou.testcase.batch.BatchUploadCreative"/>
  <testcase name="check" time="2.553" classname="com.ipinyou.testcase.batch.BatchUploadCreative"/>
  <testcase name="search" time="6.097" classname="com.ipinyou.testcase.batch.BatchUploadCreative"/>
</testsuite> <!-- com.ipinyou.testcase.batch.BatchUploadCreative -->
