<?xml version="1.0" encoding="UTF-8"?>
<!-- Generated by org.testng.reporters.JUnitReportReporter -->
<testsuite hostname="FB3TPUDGHJIMGYE" name="com.ipinyou.testcase.dsp.CompanyAudit" tests="3" failures="0" timestamp="24 Apr 2014 03:15:45 GMT" time="6.503" errors="0">
  <testcase name="login" time="2.953" classname="com.ipinyou.testcase.dsp.CompanyAudit"/>
  <testcase name="companyaudit" time="3.495" classname="com.ipinyou.testcase.dsp.CompanyAudit"/>
  <testcase name="check" time="0.055" classname="com.ipinyou.testcase.dsp.CompanyAudit"/>
</testsuite> <!-- com.ipinyou.testcase.dsp.CompanyAudit -->
