<?xml version="1.0" encoding="UTF-8"?>
<!-- Generated by org.testng.reporters.JUnitReportReporter -->
<testsuite hostname="Brook" name="com.ipinyou.testcase.AddScript" tests="2" failures="0" timestamp="1 Nov 2013 07:16:05 GMT" time="4.499" errors="0">
  <testcase name="incodecenter" time="3.167" classname="com.ipinyou.testcase.AddScript"/>
  <testcase name="login" time="1.332" classname="com.ipinyou.testcase.AddScript"/>
</testsuite> <!-- com.ipinyou.testcase.AddScript -->
