<?xml version="1.0" encoding="UTF-8"?>
<!-- Generated by org.testng.reporters.JUnitReportReporter -->
<testsuite hostname="Brook" name="com.ipinyou.testcase.ownmedia.UploadHisttoryCreative" tests="5" failures="0" timestamp="25 Nov 2013 02:06:52 GMT" time="14.626" errors="0">
  <testcase name="increative" time="0.900" classname="com.ipinyou.testcase.ownmedia.UploadHisttoryCreative"/>
  <testcase name="login" time="2.140" classname="com.ipinyou.testcase.ownmedia.UploadHisttoryCreative"/>
  <testcase name="search" time="6.506" classname="com.ipinyou.testcase.ownmedia.UploadHisttoryCreative"/>
  <testcase name="selecthistorycreative" time="3.153" classname="com.ipinyou.testcase.ownmedia.UploadHisttoryCreative"/>
  <testcase name="choosecreative" time="1.927" classname="com.ipinyou.testcase.ownmedia.UploadHisttoryCreative"/>
</testsuite> <!-- com.ipinyou.testcase.ownmedia.UploadHisttoryCreative -->
