<?xml version="1.0" encoding="UTF-8"?>
<!-- Generated by org.testng.reporters.JUnitReportReporter -->
<testsuite hostname="FB3TPUDGHJIMGYE" name="com.ipinyou.testcase.batch.BatchCopyStrategy" tests="4" failures="0" timestamp="24 Apr 2014 03:21:33 GMT" time="13.731" errors="0">
  <testcase name="search" time="5.923" classname="com.ipinyou.testcase.batch.BatchCopyStrategy"/>
  <testcase name="check" time="2.507" classname="com.ipinyou.testcase.batch.BatchCopyStrategy"/>
  <testcase name="batchcopy" time="3.682" classname="com.ipinyou.testcase.batch.BatchCopyStrategy"/>
  <testcase name="login" time="1.619" classname="com.ipinyou.testcase.batch.BatchCopyStrategy"/>
</testsuite> <!-- com.ipinyou.testcase.batch.BatchCopyStrategy -->
