<?xml version="1.0" encoding="UTF-8"?>
<!-- Generated by org.testng.reporters.JUnitReportReporter -->
<testsuite hostname="FB3TPUDGHJIMGYE" name="com.ipinyou.testcase.dsp.AdvnameAudit" tests="2" failures="0" timestamp="25 Dec 2013 02:49:59 GMT" time="4.779" errors="0">
  <testcase name="login" time="4.393" classname="com.ipinyou.testcase.dsp.AdvnameAudit"/>
  <testcase name="advaudit" time="0.386" classname="com.ipinyou.testcase.dsp.AdvnameAudit"/>
</testsuite> <!-- com.ipinyou.testcase.dsp.AdvnameAudit -->
