<?xml version="1.0" encoding="UTF-8"?>
<!-- Generated by org.testng.reporters.JUnitReportReporter -->
<testsuite hostname="Brook" name="com.ipinyou.testcase.advertiserdsp.Order" tests="2" failures="0" timestamp="11 Nov 2013 02:22:30 GMT" time="2.971" errors="0">
  <testcase name="createorder" time="1.669" classname="com.ipinyou.testcase.advertiserdsp.Order"/>
  <testcase name="login" time="1.302" classname="com.ipinyou.testcase.advertiserdsp.Order"/>
</testsuite> <!-- com.ipinyou.testcase.advertiserdsp.Order -->
