<?xml version="1.0" encoding="UTF-8"?>
<!-- Generated by org.testng.reporters.JUnitReportReporter -->
<testsuite hostname="FB3TPUDGHJIMGYE" name="com.test.MultiThreadSample" tests="5" failures="0" timestamp="10 Mar 2014 06:31:30 GMT" time="0.079" errors="0">
  <testcase name="f" time="0.016" classname="com.test.MultiThreadSample"/>
  <testcase name="f" time="0.017" classname="com.test.MultiThreadSample"/>
  <testcase name="f" time="0.015" classname="com.test.MultiThreadSample"/>
  <testcase name="f" time="0.016" classname="com.test.MultiThreadSample"/>
  <testcase name="f" time="0.015" classname="com.test.MultiThreadSample"/>
</testsuite> <!-- com.test.MultiThreadSample -->
