<?xml version="1.0" encoding="UTF-8"?>
<!-- Generated by org.testng.reporters.JUnitReportReporter -->
<testsuite hostname="Brook" name="com.ipinyou.testcase.AdvnameAudit" tests="2" failures="0" timestamp="8 Nov 2013 08:35:36 GMT" time="3.360" errors="0">
  <testcase name="advaudit" time="0.365" classname="com.ipinyou.testcase.AdvnameAudit"/>
  <testcase name="login" time="2.995" classname="com.ipinyou.testcase.AdvnameAudit"/>
</testsuite> <!-- com.ipinyou.testcase.AdvnameAudit -->
