<?xml version="1.0" encoding="UTF-8"?>
<!-- Generated by org.testng.reporters.JUnitReportReporter -->
<testsuite hostname="Brook" name="com.ipinyou.testcase.OpenStatus" tests="2" failures="0" timestamp="8 Nov 2013 08:35:36 GMT" time="8.576" errors="0">
  <testcase name="openstatus" time="6.020" classname="com.ipinyou.testcase.OpenStatus"/>
  <testcase name="login" time="2.556" classname="com.ipinyou.testcase.OpenStatus"/>
</testsuite> <!-- com.ipinyou.testcase.OpenStatus -->
