<?xml version="1.0" encoding="UTF-8"?>
<!-- Generated by org.testng.reporters.JUnitReportReporter -->
<testsuite hostname="FB3TPUDGHJIMGYE" name="com.ipinyou.testcase.batch.BatchStrategy" tests="4" failures="0" timestamp="24 Apr 2014 03:21:33 GMT" time="12.324" errors="0">
  <testcase name="search" time="6.155" classname="com.ipinyou.testcase.batch.BatchStrategy"/>
  <testcase name="createstrategy" time="2.513" classname="com.ipinyou.testcase.batch.BatchStrategy"/>
  <testcase name="login" time="1.754" classname="com.ipinyou.testcase.batch.BatchStrategy"/>
  <testcase name="instrategy" time="1.902" classname="com.ipinyou.testcase.batch.BatchStrategy"/>
</testsuite> <!-- com.ipinyou.testcase.batch.BatchStrategy -->
