<?xml version="1.0" encoding="UTF-8"?>
<!-- Generated by org.testng.reporters.JUnitReportReporter -->
<testsuite hostname="Brook" name="com.ipinyou.testcase.MobileStrategy" tests="5" failures="0" timestamp="31 Oct 2013 09:16:46 GMT" time="17.943" errors="0">
  <testcase name="login" time="1.883" classname="com.ipinyou.testcase.MobileStrategy"/>
  <testcase name="mobilestrategy" time="1.729" classname="com.ipinyou.testcase.MobileStrategy"/>
  <testcase name="highset" time="9.712" classname="com.ipinyou.testcase.MobileStrategy"/>
  <testcase name="instrategy" time="0.076" classname="com.ipinyou.testcase.MobileStrategy"/>
  <testcase name="search" time="4.543" classname="com.ipinyou.testcase.MobileStrategy"/>
</testsuite> <!-- com.ipinyou.testcase.MobileStrategy -->
