<?xml version="1.0" encoding="UTF-8"?>
<!-- Generated by org.testng.reporters.JUnitReportReporter -->
<testsuite hostname="FB3TPUDGHJIMGYE" name="com.ipinyou.testcase.dsp.Allot" tests="2" failures="0" timestamp="24 Apr 2014 03:15:45 GMT" time="6.856" errors="0">
  <testcase name="allot" time="4.929" classname="com.ipinyou.testcase.dsp.Allot"/>
  <testcase name="login" time="1.927" classname="com.ipinyou.testcase.dsp.Allot"/>
</testsuite> <!-- com.ipinyou.testcase.dsp.Allot -->
