<?xml version="1.0" encoding="UTF-8"?>
<!-- Generated by org.testng.reporters.JUnitReportReporter -->
<testsuite hostname="FB3TPUDGHJIMGYE" name="com.ipinyou.testcase.batch.Mobile.BatchEditStrategyMobApp" tests="4" failures="0" timestamp="24 Apr 2014 07:31:20 GMT" time="35.978" errors="0">
  <testcase name="batchedit" time="21.314" classname="com.ipinyou.testcase.batch.Mobile.BatchEditStrategyMobApp"/>
  <testcase name="login" time="1.528" classname="com.ipinyou.testcase.batch.Mobile.BatchEditStrategyMobApp"/>
  <testcase name="search" time="9.583" classname="com.ipinyou.testcase.batch.Mobile.BatchEditStrategyMobApp"/>
  <testcase name="check" time="3.553" classname="com.ipinyou.testcase.batch.Mobile.BatchEditStrategyMobApp"/>
</testsuite> <!-- com.ipinyou.testcase.batch.Mobile.BatchEditStrategyMobApp -->
