<?xml version="1.0" encoding="UTF-8"?>
<!-- Generated by org.testng.reporters.JUnitReportReporter -->
<testsuite hostname="FB3TPUDGHJIMGYE" name="com.ipinyou.testcase.batch.Mobile.BatchCopyStrategyMobOut" tests="4" failures="0" timestamp="25 Mar 2014 02:20:47 GMT" time="23.358" errors="1">
  <testcase name="check" time="3.559" classname="com.ipinyou.testcase.batch.Mobile.BatchCopyStrategyMobOut"/>
  <testcase name="batchcopy" time="7.903" classname="com.ipinyou.testcase.batch.Mobile.BatchCopyStrategyMobOut">
    <error type="java.lang.AssertionError" message="复制策略后跳转失败 expected:&lt;BatchAutoPlan:&gt; but was:&lt;BatchAutoPlan：&gt;">
      <![CDATA[java.lang.AssertionError: 复制策略后跳转失败 expected:<BatchAutoPlan:> but was:<BatchAutoPlan：>
	at org.testng.AssertJUnit.assertEquals(AssertJUnit.java:101)
	at com.ipinyou.pub.ScreenshotandAssert.screenandasserttext(ScreenshotandAssert.java:22)
	at com.ipinyou.webpage.batch.mobile.BatchCopyStrategyMobOutPage.batchcopy(BatchCopyStrategyMobOutPage.java:43)
	at com.ipinyou.testcase.batch.Mobile.BatchCopyStrategyMobOut.batchcopy(BatchCopyStrategyMobOut.java:44)
	at sun.reflect.NativeMethodAccessorImpl.invoke0(Native Method)
	at sun.reflect.NativeMethodAccessorImpl.invoke(Unknown Source)
	at sun.reflect.DelegatingMethodAccessorImpl.invoke(Unknown Source)
	at java.lang.reflect.Method.invoke(Unknown Source)
	at org.testng.internal.MethodInvocationHelper.invokeMethod(MethodInvocationHelper.java:84)
	at org.testng.internal.Invoker.invokeMethod(Invoker.java:714)
	at org.testng.internal.Invoker.invokeTestMethod(Invoker.java:901)
	at org.testng.internal.Invoker.invokeTestMethods(Invoker.java:1231)
	at org.testng.internal.TestMethodWorker.invokeTestMethods(TestMethodWorker.java:127)
	at org.testng.internal.TestMethodWorker.run(TestMethodWorker.java:111)
	at org.testng.TestRunner.privateRun(TestRunner.java:767)
	at org.testng.TestRunner.run(TestRunner.java:617)
	at org.testng.SuiteRunner.runTest(SuiteRunner.java:334)
	at org.testng.SuiteRunner.runSequentially(SuiteRunner.java:329)
	at org.testng.SuiteRunner.privateRun(SuiteRunner.java:291)
	at org.testng.SuiteRunner.run(SuiteRunner.java:240)
	at org.testng.SuiteRunnerWorker.runSuite(SuiteRunnerWorker.java:52)
	at org.testng.SuiteRunnerWorker.run(SuiteRunnerWorker.java:86)
	at org.testng.TestNG.runSuitesSequentially(TestNG.java:1224)
	at org.testng.TestNG.runSuitesLocally(TestNG.java:1149)
	at org.testng.TestNG.run(TestNG.java:1057)
	at org.testng.remote.RemoteTestNG.run(RemoteTestNG.java:111)
	at org.testng.remote.RemoteTestNG.initAndRun(RemoteTestNG.java:204)
	at org.testng.remote.RemoteTestNG.main(RemoteTestNG.java:175)
]]>
    </error>
  </testcase> <!-- batchcopy -->
  <testcase name="search" time="9.142" classname="com.ipinyou.testcase.batch.Mobile.BatchCopyStrategyMobOut"/>
  <testcase name="login" time="2.754" classname="com.ipinyou.testcase.batch.Mobile.BatchCopyStrategyMobOut"/>
</testsuite> <!-- com.ipinyou.testcase.batch.Mobile.BatchCopyStrategyMobOut -->
