<?xml version="1.0" encoding="UTF-8"?>
<!-- Generated by org.testng.reporters.JUnitReportReporter -->
<testsuite hostname="FB3TPUDGHJIMGYE" name="com.ipinyou.testcase.batch.Plan" tests="4" failures="0" timestamp="25 Dec 2013 07:37:37 GMT" time="9.710" errors="0">
  <testcase name="createplan" time="2.883" classname="com.ipinyou.testcase.batch.Plan"/>
  <testcase name="login" time="2.561" classname="com.ipinyou.testcase.batch.Plan"/>
  <testcase name="search" time="3.481" classname="com.ipinyou.testcase.batch.Plan"/>
  <testcase name="inplan" time="0.785" classname="com.ipinyou.testcase.batch.Plan"/>
</testsuite> <!-- com.ipinyou.testcase.batch.Plan -->
