<?xml version="1.0" encoding="UTF-8"?>
<!-- Generated by org.testng.reporters.JUnitReportReporter -->
<testsuite hostname="FB3TPUDGHJIMGYE" name="com.ipinyou.testcase.batch.Mobile.BatchCopyStrategyMob" tests="4" failures="0" timestamp="4 Apr 2014 03:29:20 GMT" time="22.612" errors="0">
  <testcase name="login" time="2.425" classname="com.ipinyou.testcase.batch.Mobile.BatchCopyStrategyMob"/>
  <testcase name="check" time="9.654" classname="com.ipinyou.testcase.batch.Mobile.BatchCopyStrategyMob"/>
  <testcase name="batchcopy" time="3.431" classname="com.ipinyou.testcase.batch.Mobile.BatchCopyStrategyMob"/>
  <testcase name="search" time="7.102" classname="com.ipinyou.testcase.batch.Mobile.BatchCopyStrategyMob"/>
</testsuite> <!-- com.ipinyou.testcase.batch.Mobile.BatchCopyStrategyMob -->
