<?xml version="1.0" encoding="UTF-8"?>
<!-- Generated by org.testng.reporters.JUnitReportReporter -->
<testsuite hostname="FB3TPUDGHJIMGYE" name="com.ipinyou.testcase.mediamannage.WebSuit" tests="3" failures="0" timestamp="12 Mar 2014 06:28:15 GMT" time="4.934" errors="0">
  <testcase name="login" time="1.638" classname="com.ipinyou.testcase.mediamannage.WebSuit"/>
  <testcase name="switchmedia" time="1.427" classname="com.ipinyou.testcase.mediamannage.WebSuit"/>
  <testcase name="websuit" time="1.869" classname="com.ipinyou.testcase.mediamannage.WebSuit"/>
</testsuite> <!-- com.ipinyou.testcase.mediamannage.WebSuit -->
