<?xml version="1.0" encoding="UTF-8"?>
<!-- Generated by org.testng.reporters.JUnitReportReporter -->
<testsuite hostname="FB3TPUDGHJIMGYE" name="com.ipinyou.testcase.ownmedia.ProprietaryMediaStrategy" tests="4" failures="0" timestamp="10 Apr 2014 03:15:22 GMT" time="31.911" errors="0">
  <testcase name="instrategy" time="1.103" classname="com.ipinyou.testcase.ownmedia.ProprietaryMediaStrategy"/>
  <testcase name="createstrategy" time="23.199" classname="com.ipinyou.testcase.ownmedia.ProprietaryMediaStrategy"/>
  <testcase name="login" time="2.171" classname="com.ipinyou.testcase.ownmedia.ProprietaryMediaStrategy"/>
  <testcase name="search" time="5.438" classname="com.ipinyou.testcase.ownmedia.ProprietaryMediaStrategy"/>
</testsuite> <!-- com.ipinyou.testcase.ownmedia.ProprietaryMediaStrategy -->
