<?xml version="1.0" encoding="UTF-8"?>
<!-- Generated by org.testng.reporters.JUnitReportReporter -->
<testsuite hostname="FB3TPUDGHJIMGYE" name="com.ipinyou.testcase.dsp.del.DelStrategy" tests="9" failures="0" timestamp="21 Apr 2014 03:39:54 GMT" time="22.928" errors="0">
  <testcase name="login" time="2.058" classname="com.ipinyou.testcase.dsp.del.DelStrategy"/>
  <testcase name="delstr" time="3.444" classname="com.ipinyou.testcase.dsp.del.DelStrategy"/>
  <testcase name="search" time="5.561" classname="com.ipinyou.testcase.dsp.del.DelStrategy"/>
  <testcase name="uploadcreative" time="6.448" classname="com.ipinyou.testcase.dsp.del.DelStrategy"/>
  <testcase name="delcreative" time="1.786" classname="com.ipinyou.testcase.dsp.del.DelStrategy"/>
  <testcase name="strdatacheck" time="0.237" classname="com.ipinyou.testcase.dsp.del.DelStrategy"/>
  <testcase name="credatacheck" time="0.468" classname="com.ipinyou.testcase.dsp.del.DelStrategy"/>
  <testcase name="createStr" time="1.836" classname="com.ipinyou.testcase.dsp.del.DelStrategy"/>
  <testcase name="instrategy" time="1.090" classname="com.ipinyou.testcase.dsp.del.DelStrategy"/>
</testsuite> <!-- com.ipinyou.testcase.dsp.del.DelStrategy -->
