<?xml version="1.0" encoding="UTF-8"?>
<!-- Generated by org.testng.reporters.JUnitReportReporter -->
<testsuite hostname="FB3TPUDGHJIMGYE" name="com.ipinyou.testcase.batch.Mobile.BatchAddBlacklistMobWeb" tests="4" failures="0" timestamp="24 Apr 2014 07:31:20 GMT" time="21.687" errors="0">
  <testcase name="search" time="9.677" classname="com.ipinyou.testcase.batch.Mobile.BatchAddBlacklistMobWeb"/>
  <testcase name="check" time="2.510" classname="com.ipinyou.testcase.batch.Mobile.BatchAddBlacklistMobWeb"/>
  <testcase name="batchaddblacklist" time="7.426" classname="com.ipinyou.testcase.batch.Mobile.BatchAddBlacklistMobWeb"/>
  <testcase name="login" time="2.074" classname="com.ipinyou.testcase.batch.Mobile.BatchAddBlacklistMobWeb"/>
</testsuite> <!-- com.ipinyou.testcase.batch.Mobile.BatchAddBlacklistMobWeb -->
