<?xml version="1.0" encoding="UTF-8"?>
<!-- Generated by org.testng.reporters.JUnitReportReporter -->
<testsuite hostname="FB3TPUDGHJIMGYE" name="com.ipinyou.testcase.ownmedia.DownScript" tests="2" failures="0" timestamp="12 Mar 2014 09:21:07 GMT" time="7.722" errors="0">
  <testcase name="downscript" time="6.347" classname="com.ipinyou.testcase.ownmedia.DownScript"/>
  <testcase name="login" time="1.375" classname="com.ipinyou.testcase.ownmedia.DownScript"/>
</testsuite> <!-- com.ipinyou.testcase.ownmedia.DownScript -->
