<?xml version="1.0" encoding="UTF-8"?>
<!-- Generated by org.testng.reporters.JUnitReportReporter -->
<testsuite hostname="FB3TPUDGHJIMGYE" name="com.ipinyou.testcase.dsp.strategy.StrCrowdMutex" tests="7" failures="0" timestamp="24 Apr 2014 03:57:07 GMT" time="58.959" errors="0">
  <testcase name="instrategy" time="1.395" classname="com.ipinyou.testcase.dsp.strategy.StrCrowdMutex"/>
  <testcase name="visitorupdate" time="1.460" classname="com.ipinyou.testcase.dsp.strategy.StrCrowdMutex"/>
  <testcase name="visitorcrowd" time="30.730" classname="com.ipinyou.testcase.dsp.strategy.StrCrowdMutex"/>
  <testcase name="crowdmutex" time="7.808" classname="com.ipinyou.testcase.dsp.strategy.StrCrowdMutex"/>
  <testcase name="login" time="1.726" classname="com.ipinyou.testcase.dsp.strategy.StrCrowdMutex"/>
  <testcase name="blanceputin" time="8.465" classname="com.ipinyou.testcase.dsp.strategy.StrCrowdMutex"/>
  <testcase name="search" time="7.375" classname="com.ipinyou.testcase.dsp.strategy.StrCrowdMutex"/>
</testsuite> <!-- com.ipinyou.testcase.dsp.strategy.StrCrowdMutex -->
