<?xml version="1.0" encoding="UTF-8"?>
<!-- Generated by org.testng.reporters.JUnitReportReporter -->
<testsuite hostname="FB3TPUDGHJIMGYE" name="com.ipinyou.testcase.batch.BatchDelPlan" tests="7" failures="0" timestamp="16 Apr 2014 01:38:13 GMT" time="14.081" errors="0">
  <testcase name="datacheck" time="0.185" classname="com.ipinyou.testcase.batch.BatchDelPlan"/>
  <testcase name="createplan" time="2.260" classname="com.ipinyou.testcase.batch.BatchDelPlan"/>
  <testcase name="delplan" time="5.858" classname="com.ipinyou.testcase.batch.BatchDelPlan"/>
  <testcase name="check" time="0.016" classname="com.ipinyou.testcase.batch.BatchDelPlan"/>
  <testcase name="search" time="3.197" classname="com.ipinyou.testcase.batch.BatchDelPlan"/>
  <testcase name="login" time="2.017" classname="com.ipinyou.testcase.batch.BatchDelPlan"/>
  <testcase name="inplan" time="0.548" classname="com.ipinyou.testcase.batch.BatchDelPlan"/>
</testsuite> <!-- com.ipinyou.testcase.batch.BatchDelPlan -->
