<?xml version="1.0" encoding="UTF-8"?>
<!-- Generated by org.testng.reporters.JUnitReportReporter -->
<testsuite hostname="FB3TPUDGHJIMGYE" name="com.ipinyou.testcase.dsp.del.DelAdvertiser" tests="6" failures="0" timestamp="21 Apr 2014 03:41:07 GMT" time="9.709" errors="0">
  <testcase name="datacheck" time="0.700" classname="com.ipinyou.testcase.dsp.del.DelAdvertiser"/>
  <testcase name="login" time="2.282" classname="com.ipinyou.testcase.dsp.del.DelAdvertiser"/>
  <testcase name="createad" time="4.487" classname="com.ipinyou.testcase.dsp.del.DelAdvertiser"/>
  <testcase name="deladvertiser" time="1.369" classname="com.ipinyou.testcase.dsp.del.DelAdvertiser"/>
  <testcase name="check" time="0.008" classname="com.ipinyou.testcase.dsp.del.DelAdvertiser"/>
  <testcase name="contentcheck" time="0.863" classname="com.ipinyou.testcase.dsp.del.DelAdvertiser"/>
</testsuite> <!-- com.ipinyou.testcase.dsp.del.DelAdvertiser -->
