<?xml version="1.0" encoding="UTF-8"?>
<!-- Generated by org.testng.reporters.JUnitReportReporter -->
<testsuite hostname="FB3TPUDGHJIMGYE" name="com.ipinyou.testcase.selfadvertiser.OpenStatus" tests="2" failures="0" timestamp="14 Apr 2014 02:39:37 GMT" time="7.704" errors="0">
  <testcase name="openstatus" time="5.230" classname="com.ipinyou.testcase.selfadvertiser.OpenStatus"/>
  <testcase name="login" time="2.474" classname="com.ipinyou.testcase.selfadvertiser.OpenStatus"/>
</testsuite> <!-- com.ipinyou.testcase.selfadvertiser.OpenStatus -->
