<?xml version="1.0" encoding="UTF-8"?>
<!-- Generated by org.testng.reporters.JUnitReportReporter -->
<testsuite hostname="FB3TPUDGHJIMGYE" name="com.ipinyou.testcase.batch.BatchCloseCreative" tests="4" failures="0" timestamp="24 Apr 2014 03:21:33 GMT" time="11.304" errors="0">
  <testcase name="batchclosecreative" time="0.254" classname="com.ipinyou.testcase.batch.BatchCloseCreative"/>
  <testcase name="login" time="1.746" classname="com.ipinyou.testcase.batch.BatchCloseCreative"/>
  <testcase name="check" time="0.212" classname="com.ipinyou.testcase.batch.BatchCloseCreative"/>
  <testcase name="search" time="9.092" classname="com.ipinyou.testcase.batch.BatchCloseCreative"/>
</testsuite> <!-- com.ipinyou.testcase.batch.BatchCloseCreative -->
