<?xml version="1.0" encoding="UTF-8"?>
<!-- Generated by org.testng.reporters.JUnitReportReporter -->
<testsuite hostname="FB3TPUDGHJIMGYE" name="com.ipinyou.testcase.dsp.AdvinteriorAuditAudit" tests="2" failures="0" timestamp="25 Dec 2013 02:49:59 GMT" time="5.869" errors="0">
  <testcase name="interioraudit" time="0.505" classname="com.ipinyou.testcase.dsp.AdvinteriorAuditAudit"/>
  <testcase name="login" time="5.364" classname="com.ipinyou.testcase.dsp.AdvinteriorAuditAudit"/>
</testsuite> <!-- com.ipinyou.testcase.dsp.AdvinteriorAuditAudit -->
