<?xml version="1.0" encoding="UTF-8"?>
<!-- Generated by org.testng.reporters.JUnitReportReporter -->
<testsuite hostname="FB3TPUDGHJIMGYE" name="com.ipinyou.testcase.codecenter.CodeCenter" tests="6" failures="0" timestamp="24 Apr 2014 03:15:45 GMT" time="15.414" errors="0">
  <testcase name="createpageconversion" time="2.693" classname="com.ipinyou.testcase.codecenter.CodeCenter"/>
  <testcase name="createpageconversion1" time="2.183" classname="com.ipinyou.testcase.codecenter.CodeCenter"/>
  <testcase name="createcategory" time="2.904" classname="com.ipinyou.testcase.codecenter.CodeCenter"/>
  <testcase name="login" time="1.136" classname="com.ipinyou.testcase.codecenter.CodeCenter"/>
  <testcase name="createcategory1" time="2.230" classname="com.ipinyou.testcase.codecenter.CodeCenter"/>
  <testcase name="codecenter" time="4.268" classname="com.ipinyou.testcase.codecenter.CodeCenter"/>
</testsuite> <!-- com.ipinyou.testcase.codecenter.CodeCenter -->
