<?xml version="1.0" encoding="UTF-8"?>
<!-- Generated by org.testng.reporters.JUnitReportReporter -->
<testsuite hostname="FB3TPUDGHJIMGYE" name="com.ipinyou.testcase.batch.Mobile.BatchEditStrategyApp" tests="4" failures="0" timestamp="10 Apr 2014 08:23:21 GMT" time="35.157" errors="0">
  <testcase name="batchedit" time="21.971" classname="com.ipinyou.testcase.batch.Mobile.BatchEditStrategyApp"/>
  <testcase name="search" time="6.862" classname="com.ipinyou.testcase.batch.Mobile.BatchEditStrategyApp"/>
  <testcase name="login" time="2.620" classname="com.ipinyou.testcase.batch.Mobile.BatchEditStrategyApp"/>
  <testcase name="check" time="3.704" classname="com.ipinyou.testcase.batch.Mobile.BatchEditStrategyApp"/>
</testsuite> <!-- com.ipinyou.testcase.batch.Mobile.BatchEditStrategyApp -->
