<?xml version="1.0" encoding="UTF-8"?>
<!-- Generated by org.testng.reporters.JUnitReportReporter -->
<testsuite hostname="FB3TPUDGHJIMGYE" name="com.ipinyou.testcase.dsp.SendMailTest" tests="1" failures="0" timestamp="24 Apr 2014 03:15:45 GMT" time="5.588" errors="0">
  <testcase name="sendmail" time="5.588" classname="com.ipinyou.testcase.dsp.SendMailTest"/>
</testsuite> <!-- com.ipinyou.testcase.dsp.SendMailTest -->
