<?xml version="1.0" encoding="UTF-8"?>
<!-- Generated by org.testng.reporters.JUnitReportReporter -->
<testsuite hostname="FB3TPUDGHJIMGYE" name="com.ipinyou.testcase.batch.BatchOpenCreative" tests="4" failures="0" timestamp="24 Apr 2014 03:21:33 GMT" time="11.780" errors="0">
  <testcase name="search" time="9.626" classname="com.ipinyou.testcase.batch.BatchOpenCreative"/>
  <testcase name="batchopencreative" time="0.254" classname="com.ipinyou.testcase.batch.BatchOpenCreative"/>
  <testcase name="login" time="1.859" classname="com.ipinyou.testcase.batch.BatchOpenCreative"/>
  <testcase name="check" time="0.041" classname="com.ipinyou.testcase.batch.BatchOpenCreative"/>
</testsuite> <!-- com.ipinyou.testcase.batch.BatchOpenCreative -->
