<?xml version="1.0" encoding="UTF-8"?>
<!-- Generated by org.testng.reporters.JUnitReportReporter -->
<testsuite hostname="FB3TPUDGHJIMGYE" name="com.ipinyou.testcase.batch.Mobile.BatchUploadCreativeApp" tests="4" failures="0" timestamp="24 Apr 2014 07:31:20 GMT" time="16.654" errors="0">
  <testcase name="batchupload" time="7.222" classname="com.ipinyou.testcase.batch.Mobile.BatchUploadCreativeApp"/>
  <testcase name="check" time="2.220" classname="com.ipinyou.testcase.batch.Mobile.BatchUploadCreativeApp"/>
  <testcase name="login" time="1.455" classname="com.ipinyou.testcase.batch.Mobile.BatchUploadCreativeApp"/>
  <testcase name="search" time="5.757" classname="com.ipinyou.testcase.batch.Mobile.BatchUploadCreativeApp"/>
</testsuite> <!-- com.ipinyou.testcase.batch.Mobile.BatchUploadCreativeApp -->
