<?xml version="1.0" encoding="UTF-8"?>
<!-- Generated by org.testng.reporters.JUnitReportReporter -->
<testsuite hostname="FB3TPUDGHJIMGYE" name="com.ipinyou.testcase.ownmedia.OwnMediaStrategy" tests="4" failures="0" timestamp="12 Mar 2014 08:10:14 GMT" time="12.967" errors="0">
  <testcase name="search" time="5.267" classname="com.ipinyou.testcase.ownmedia.OwnMediaStrategy"/>
  <testcase name="instrategy" time="0.993" classname="com.ipinyou.testcase.ownmedia.OwnMediaStrategy"/>
  <testcase name="Createownstrategy" time="4.897" classname="com.ipinyou.testcase.ownmedia.OwnMediaStrategy"/>
  <testcase name="login" time="1.810" classname="com.ipinyou.testcase.ownmedia.OwnMediaStrategy"/>
</testsuite> <!-- com.ipinyou.testcase.ownmedia.OwnMediaStrategy -->
