<?xml version="1.0" encoding="UTF-8"?>
<!-- Generated by org.testng.reporters.JUnitReportReporter -->
<testsuite hostname="FB3TPUDGHJIMGYE" name="com.ipinyou.testcase.batch.Strategy" tests="4" failures="0" timestamp="25 Dec 2013 07:37:37 GMT" time="13.813" errors="0">
  <testcase name="instrategy" time="1.183" classname="com.ipinyou.testcase.batch.Strategy"/>
  <testcase name="login" time="2.984" classname="com.ipinyou.testcase.batch.Strategy"/>
  <testcase name="createstrategy" time="2.715" classname="com.ipinyou.testcase.batch.Strategy"/>
  <testcase name="search" time="6.931" classname="com.ipinyou.testcase.batch.Strategy"/>
</testsuite> <!-- com.ipinyou.testcase.batch.Strategy -->
