<?xml version="1.0" encoding="UTF-8"?>
<!-- Generated by org.testng.reporters.JUnitReportReporter -->
<testsuite hostname="FB3TPUDGHJIMGYE" name="com.ipinyou.testcase.batch.Mobile.BatchAddBlacklistMob" tests="4" failures="0" timestamp="4 Apr 2014 03:27:33 GMT" time="16.626" errors="0">
  <testcase name="batchaddblacklist" time="4.908" classname="com.ipinyou.testcase.batch.Mobile.BatchAddBlacklistMob"/>
  <testcase name="check" time="2.464" classname="com.ipinyou.testcase.batch.Mobile.BatchAddBlacklistMob"/>
  <testcase name="login" time="2.298" classname="com.ipinyou.testcase.batch.Mobile.BatchAddBlacklistMob"/>
  <testcase name="search" time="6.956" classname="com.ipinyou.testcase.batch.Mobile.BatchAddBlacklistMob"/>
</testsuite> <!-- com.ipinyou.testcase.batch.Mobile.BatchAddBlacklistMob -->
