<?xml version="1.0" encoding="UTF-8"?>
<!-- Generated by org.testng.reporters.JUnitReportReporter -->
<testsuite hostname="FB3TPUDGHJIMGYE" name="com.ipinyou.testcase.mediamannage.Part" tests="3" failures="0" timestamp="12 Mar 2014 06:28:15 GMT" time="5.131" errors="0">
  <testcase name="login" time="1.318" classname="com.ipinyou.testcase.mediamannage.Part"/>
  <testcase name="switchmedia" time="2.266" classname="com.ipinyou.testcase.mediamannage.Part"/>
  <testcase name="part" time="1.547" classname="com.ipinyou.testcase.mediamannage.Part"/>
</testsuite> <!-- com.ipinyou.testcase.mediamannage.Part -->
