<?xml version="1.0" encoding="UTF-8"?>
<!-- Generated by org.testng.reporters.JUnitReportReporter -->
<testsuite hostname="FB3TPUDGHJIMGYE" name="com.ipinyou.testcase.batch.BatchUpdateCreativeType" tests="4" failures="0" timestamp="24 Apr 2014 03:21:33 GMT" time="11.596" errors="0">
  <testcase name="check" time="0.051" classname="com.ipinyou.testcase.batch.BatchUpdateCreativeType"/>
  <testcase name="batchupdatecreativetheme" time="1.099" classname="com.ipinyou.testcase.batch.BatchUpdateCreativeType"/>
  <testcase name="search" time="8.951" classname="com.ipinyou.testcase.batch.BatchUpdateCreativeType"/>
  <testcase name="login" time="1.495" classname="com.ipinyou.testcase.batch.BatchUpdateCreativeType"/>
</testsuite> <!-- com.ipinyou.testcase.batch.BatchUpdateCreativeType -->
