<?xml version="1.0" encoding="UTF-8"?>
<!-- Generated by org.testng.reporters.JUnitReportReporter -->
<testsuite hostname="FB3TPUDGHJIMGYE" name="com.ipinyou.testcase.batch.BatchAddBlacklist" tests="4" failures="0" timestamp="24 Apr 2014 03:21:33 GMT" time="14.410" errors="0">
  <testcase name="check" time="2.518" classname="com.ipinyou.testcase.batch.BatchAddBlacklist"/>
  <testcase name="search" time="6.038" classname="com.ipinyou.testcase.batch.BatchAddBlacklist"/>
  <testcase name="login" time="1.978" classname="com.ipinyou.testcase.batch.BatchAddBlacklist"/>
  <testcase name="batchaddblacklist" time="3.876" classname="com.ipinyou.testcase.batch.BatchAddBlacklist"/>
</testsuite> <!-- com.ipinyou.testcase.batch.BatchAddBlacklist -->
