<?xml version="1.0" encoding="UTF-8"?>
<!-- Generated by org.testng.reporters.JUnitReportReporter -->
<testsuite hostname="FB3TPUDGHJIMGYE" name="com.ipinyou.testcase.batch.BatchPlan" tests="4" failures="0" timestamp="24 Apr 2014 03:21:33 GMT" time="10.430" errors="0">
  <testcase name="login" time="1.933" classname="com.ipinyou.testcase.batch.BatchPlan"/>
  <testcase name="inplan" time="0.711" classname="com.ipinyou.testcase.batch.BatchPlan"/>
  <testcase name="search" time="4.629" classname="com.ipinyou.testcase.batch.BatchPlan"/>
  <testcase name="createplan" time="3.157" classname="com.ipinyou.testcase.batch.BatchPlan"/>
</testsuite> <!-- com.ipinyou.testcase.batch.BatchPlan -->
