<?xml version="1.0" encoding="UTF-8"?>
<!-- Generated by org.testng.reporters.JUnitReportReporter -->
<testsuite hostname="FB3TPUDGHJIMGYE" name="com.ipinyou.testcase.batch.Mobile.BatchAddBlacklistMobApp" tests="4" failures="0" timestamp="24 Apr 2014 07:31:20 GMT" time="15.511" errors="0">
  <testcase name="login" time="1.999" classname="com.ipinyou.testcase.batch.Mobile.BatchAddBlacklistMobApp"/>
  <testcase name="batchaddblacklist" time="3.188" classname="com.ipinyou.testcase.batch.Mobile.BatchAddBlacklistMobApp"/>
  <testcase name="search" time="7.757" classname="com.ipinyou.testcase.batch.Mobile.BatchAddBlacklistMobApp"/>
  <testcase name="check" time="2.567" classname="com.ipinyou.testcase.batch.Mobile.BatchAddBlacklistMobApp"/>
</testsuite> <!-- com.ipinyou.testcase.batch.Mobile.BatchAddBlacklistMobApp -->
