<?xml version="1.0" encoding="UTF-8"?>
<!-- Generated by org.testng.reporters.JUnitReportReporter -->
<testsuite hostname="FB3TPUDGHJIMGYE" name="com.ipinyou.testcase.batch.BatchCloseStrategy" tests="5" failures="0" timestamp="24 Apr 2014 03:21:33 GMT" time="22.311" errors="0">
  <testcase name="search" time="7.233" classname="com.ipinyou.testcase.batch.BatchCloseStrategy"/>
  <testcase name="login" time="9.270" classname="com.ipinyou.testcase.batch.BatchCloseStrategy"/>
  <testcase name="check2" time="1.439" classname="com.ipinyou.testcase.batch.BatchCloseStrategy"/>
  <testcase name="check1" time="2.040" classname="com.ipinyou.testcase.batch.BatchCloseStrategy"/>
  <testcase name="batchclose" time="2.329" classname="com.ipinyou.testcase.batch.BatchCloseStrategy"/>
</testsuite> <!-- com.ipinyou.testcase.batch.BatchCloseStrategy -->
