<?xml version="1.0" encoding="UTF-8"?>
<!-- Generated by org.testng.reporters.JUnitReportReporter -->
<testsuite hostname="Brook" name="com.ipinyou.testcase.Creative" tests="5" failures="0" timestamp="8 Nov 2013 08:35:36 GMT" time="20.138" errors="0">
  <testcase name="increative" time="1.149" classname="com.ipinyou.testcase.Creative"/>
  <testcase name="selcreative" time="8.147" classname="com.ipinyou.testcase.Creative"/>
  <testcase name="login" time="1.937" classname="com.ipinyou.testcase.Creative"/>
  <testcase name="search" time="6.263" classname="com.ipinyou.testcase.Creative"/>
  <testcase name="completecreative" time="2.642" classname="com.ipinyou.testcase.Creative"/>
</testsuite> <!-- com.ipinyou.testcase.Creative -->
