<?xml version="1.0" encoding="UTF-8"?>
<!-- Generated by org.testng.reporters.JUnitReportReporter -->
<testsuite hostname="FB3TPUDGHJIMGYE" name="com.ipinyou.testcase.selfadvertiser.Order" tests="4" failures="0" timestamp="14 Apr 2014 02:39:37 GMT" time="5.373" errors="0">
  <testcase name="login" time="1.885" classname="com.ipinyou.testcase.selfadvertiser.Order"/>
  <testcase name="searchad" time="0.043" classname="com.ipinyou.testcase.selfadvertiser.Order"/>
  <testcase name="check" time="2.117" classname="com.ipinyou.testcase.selfadvertiser.Order"/>
  <testcase name="createorder" time="1.328" classname="com.ipinyou.testcase.selfadvertiser.Order"/>
</testsuite> <!-- com.ipinyou.testcase.selfadvertiser.Order -->
