<?xml version="1.0" encoding="UTF-8"?>
<!-- Generated by org.testng.reporters.JUnitReportReporter -->
<testsuite hostname="FB3TPUDGHJIMGYE" name="com.ipinyou.abnormaltestcase.AbnormalAdvertiserName" tests="3" failures="0" timestamp="14 Mar 2014 06:18:11 GMT" time="5.653" errors="0">
  <testcase name="createad" time="1.861" classname="com.ipinyou.abnormaltestcase.AbnormalAdvertiserName"/>
  <testcase name="check" time="1.886" classname="com.ipinyou.abnormaltestcase.AbnormalAdvertiserName"/>
  <testcase name="login" time="1.906" classname="com.ipinyou.abnormaltestcase.AbnormalAdvertiserName"/>
</testsuite> <!-- com.ipinyou.abnormaltestcase.AbnormalAdvertiserName -->
