<?xml version="1.0" encoding="UTF-8"?>
<!-- Generated by org.testng.reporters.JUnitReportReporter -->
<testsuite hostname="FB3TPUDGHJIMGYE" name="com.ipinyou.testcase.dsp.DspPlan" tests="5" failures="0" timestamp="24 Apr 2014 03:15:45 GMT" time="15.635" errors="0">
  <testcase name="search" time="3.704" classname="com.ipinyou.testcase.dsp.DspPlan"/>
  <testcase name="login" time="2.141" classname="com.ipinyou.testcase.dsp.DspPlan"/>
  <testcase name="inplan" time="2.639" classname="com.ipinyou.testcase.dsp.DspPlan"/>
  <testcase name="check" time="2.552" classname="com.ipinyou.testcase.dsp.DspPlan"/>
  <testcase name="createplan" time="4.599" classname="com.ipinyou.testcase.dsp.DspPlan"/>
</testsuite> <!-- com.ipinyou.testcase.dsp.DspPlan -->
