<?xml version="1.0" encoding="UTF-8"?>
<!-- Generated by org.testng.reporters.JUnitReportReporter -->
<testsuite hostname="Brook" name="com.ipinyou.put.OwnMediaPut" tests="1" failures="0" timestamp="25 Nov 2013 02:24:48 GMT" time="0.791" errors="0">
  <testcase name="ownmediaput" time="0.791" classname="com.ipinyou.put.OwnMediaPut"/>
</testsuite> <!-- com.ipinyou.put.OwnMediaPut -->
