<?xml version="1.0" encoding="UTF-8"?>
<!-- Generated by org.testng.reporters.JUnitReportReporter -->
<testsuite hostname="FB3TPUDGHJIMGYE" name="com.ipinyou.testcase.ownmedia.OwnMediaStatus" tests="3" failures="0" timestamp="17 Jan 2014 02:03:59 GMT" time="8.005" errors="0">
  <testcase name="search" time="3.286" classname="com.ipinyou.testcase.ownmedia.OwnMediaStatus"/>
  <testcase name="ownmediastatus" time="2.393" classname="com.ipinyou.testcase.ownmedia.OwnMediaStatus"/>
  <testcase name="login" time="2.326" classname="com.ipinyou.testcase.ownmedia.OwnMediaStatus"/>
</testsuite> <!-- com.ipinyou.testcase.ownmedia.OwnMediaStatus -->
