<?xml version="1.0" encoding="UTF-8"?>
<!-- Generated by org.testng.reporters.JUnitReportReporter -->
<testsuite hostname="FB3TPUDGHJIMGYE" name="com.ipinyou.abnormaltestcase.AbnormalAdvertiser" tests="2" failures="0" timestamp="13 Mar 2014 05:51:32 GMT" time="6.351" errors="0">
  <testcase name="login" time="2.095" classname="com.ipinyou.abnormaltestcase.AbnormalAdvertiser"/>
  <testcase name="createad" time="4.256" classname="com.ipinyou.abnormaltestcase.AbnormalAdvertiser"/>
</testsuite> <!-- com.ipinyou.abnormaltestcase.AbnormalAdvertiser -->
