<?xml version="1.0" encoding="UTF-8"?>
<!-- Generated by org.testng.reporters.JUnitReportReporter -->
<testsuite hostname="FB3TPUDGHJIMGYE" name="com.test.getvalue" tests="1" failures="0" timestamp="8 Jan 2014 09:41:35 GMT" time="10.994" errors="0">
  <testcase name="f" time="10.994" classname="com.test.getvalue"/>
</testsuite> <!-- com.test.getvalue -->
