<?xml version="1.0" encoding="UTF-8"?>
<!-- Generated by org.testng.reporters.JUnitReportReporter -->
<testsuite hostname="Brook" name="com.ipinyou.testcase.CreativeModele" tests="1" failures="0" timestamp="22 Sep 2013 07:13:26 GMT" time="25.047" errors="0">
  <testcase name="login" time="25.047" classname="com.ipinyou.testcase.CreativeModele"/>
</testsuite> <!-- com.ipinyou.testcase.CreativeModele -->
