<?xml version="1.0" encoding="UTF-8"?>
<!-- Generated by org.testng.reporters.JUnitReportReporter -->
<testsuite hostname="FB3TPUDGHJIMGYE" name="com.ipinyou.testcase.dsp.OpenStatus" tests="2" failures="0" timestamp="24 Apr 2014 03:15:45 GMT" time="8.544" errors="0">
  <testcase name="login" time="1.258" classname="com.ipinyou.testcase.dsp.OpenStatus"/>
  <testcase name="openstatus" time="7.286" classname="com.ipinyou.testcase.dsp.OpenStatus"/>
</testsuite> <!-- com.ipinyou.testcase.dsp.OpenStatus -->
