<?xml version="1.0" encoding="UTF-8"?>
<!-- Generated by org.testng.reporters.JUnitReportReporter -->
<testsuite hostname="Brook" name="com.ipinyou.testcase.Strategy" tests="4" failures="0" timestamp="8 Nov 2013 08:35:36 GMT" time="19.143" errors="0">
  <testcase name="login" time="2.083" classname="com.ipinyou.testcase.Strategy"/>
  <testcase name="createstrategy" time="11.809" classname="com.ipinyou.testcase.Strategy"/>
  <testcase name="search" time="5.069" classname="com.ipinyou.testcase.Strategy"/>
  <testcase name="instrategy" time="0.182" classname="com.ipinyou.testcase.Strategy"/>
</testsuite> <!-- com.ipinyou.testcase.Strategy -->
