<?xml version="1.0" encoding="UTF-8"?>
<!-- Generated by org.testng.reporters.JUnitReportReporter -->
<testsuite hostname="FB3TPUDGHJIMGYE" name="com.ipinyou.testcase.dsp.strategy.AlgorithmPlan" tests="5" failures="0" timestamp="24 Apr 2014 03:31:26 GMT" time="8.285" errors="0">
  <testcase name="search" time="3.774" classname="com.ipinyou.testcase.dsp.strategy.AlgorithmPlan"/>
  <testcase name="login" time="1.883" classname="com.ipinyou.testcase.dsp.strategy.AlgorithmPlan"/>
  <testcase name="check" time="0.015" classname="com.ipinyou.testcase.dsp.strategy.AlgorithmPlan"/>
  <testcase name="inplan" time="0.575" classname="com.ipinyou.testcase.dsp.strategy.AlgorithmPlan"/>
  <testcase name="createplan" time="2.038" classname="com.ipinyou.testcase.dsp.strategy.AlgorithmPlan"/>
</testsuite> <!-- com.ipinyou.testcase.dsp.strategy.AlgorithmPlan -->
