<?xml version="1.0" encoding="UTF-8"?>
<!-- Generated by org.testng.reporters.JUnitReportReporter -->
<testsuite hostname="FB3TPUDGHJIMGYE" name="com.ipinyou.testcase.dsp.Advertiser" tests="3" failures="0" timestamp="24 Apr 2014 03:15:45 GMT" time="8.966" errors="0">
  <testcase name="createad" time="5.932" classname="com.ipinyou.testcase.dsp.Advertiser"/>
  <testcase name="login" time="3.024" classname="com.ipinyou.testcase.dsp.Advertiser"/>
  <testcase name="check" time="0.010" classname="com.ipinyou.testcase.dsp.Advertiser"/>
</testsuite> <!-- com.ipinyou.testcase.dsp.Advertiser -->
