<?xml version="1.0" encoding="UTF-8"?>
<!-- Generated by org.testng.reporters.JUnitReportReporter -->
<testsuite hostname="FB3TPUDGHJIMGYE" name="com.ipinyou.testcase.batch.BatchUpdataCreativeUrl" tests="5" failures="0" timestamp="24 Apr 2014 03:21:33 GMT" time="18.817" errors="0">
  <testcase name="batchupdatetrack" time="1.993" classname="com.ipinyou.testcase.batch.BatchUpdataCreativeUrl"/>
  <testcase name="batchupdatecreativeclick" time="1.975" classname="com.ipinyou.testcase.batch.BatchUpdataCreativeUrl"/>
  <testcase name="batchupdatecreativearrive" time="4.715" classname="com.ipinyou.testcase.batch.BatchUpdataCreativeUrl"/>
  <testcase name="login" time="1.704" classname="com.ipinyou.testcase.batch.BatchUpdataCreativeUrl"/>
  <testcase name="search" time="8.430" classname="com.ipinyou.testcase.batch.BatchUpdataCreativeUrl"/>
</testsuite> <!-- com.ipinyou.testcase.batch.BatchUpdataCreativeUrl -->
