<?xml version="1.0" encoding="UTF-8"?>
<!-- Generated by org.testng.reporters.JUnitReportReporter -->
<testsuite hostname="Brook" name="com.ipinyou.testcase.Order" tests="3" failures="0" timestamp="8 Nov 2013 08:35:36 GMT" time="5.494" errors="0">
  <testcase name="searchad" time="0.738" classname="com.ipinyou.testcase.Order"/>
  <testcase name="login" time="2.067" classname="com.ipinyou.testcase.Order"/>
  <testcase name="createorder" time="2.689" classname="com.ipinyou.testcase.Order"/>
</testsuite> <!-- com.ipinyou.testcase.Order -->
