<?xml version="1.0" encoding="UTF-8"?>
<!-- Generated by org.testng.reporters.JUnitReportReporter -->
<testsuite hostname="FB3TPUDGHJIMGYE" name="com.ipinyou.testcase.onlyadvertiser.Login" tests="1" failures="0" timestamp="22 Apr 2014 02:01:09 GMT" time="0.757" errors="0">
  <testcase name="login" time="0.757" classname="com.ipinyou.testcase.onlyadvertiser.Login"/>
</testsuite> <!-- com.ipinyou.testcase.onlyadvertiser.Login -->
