<?xml version="1.0" encoding="UTF-8"?>
<!-- Generated by org.testng.reporters.JUnitReportReporter -->
<testsuite hostname="FB3TPUDGHJIMGYE" name="com.ipinyou.testcase.selfadvertiser.Creative" tests="5" failures="0" timestamp="14 Apr 2014 02:39:37 GMT" time="15.805" errors="0">
  <testcase name="search" time="6.092" classname="com.ipinyou.testcase.selfadvertiser.Creative"/>
  <testcase name="selcreative" time="3.551" classname="com.ipinyou.testcase.selfadvertiser.Creative"/>
  <testcase name="login" time="1.630" classname="com.ipinyou.testcase.selfadvertiser.Creative"/>
  <testcase name="increative" time="0.942" classname="com.ipinyou.testcase.selfadvertiser.Creative"/>
  <testcase name="completecreative" time="3.590" classname="com.ipinyou.testcase.selfadvertiser.Creative"/>
</testsuite> <!-- com.ipinyou.testcase.selfadvertiser.Creative -->
