<?xml version="1.0" encoding="UTF-8"?>
<!-- Generated by org.testng.reporters.JUnitReportReporter -->
<testsuite hostname="FB3TPUDGHJIMGYE" name="com.ipinyou.testcase.dsp.AdvInteriorAudit" tests="3" failures="0" timestamp="24 Apr 2014 03:15:45 GMT" time="6.826" errors="0">
  <testcase name="interioraudit" time="2.541" classname="com.ipinyou.testcase.dsp.AdvInteriorAudit"/>
  <testcase name="login" time="4.236" classname="com.ipinyou.testcase.dsp.AdvInteriorAudit"/>
  <testcase name="check" time="0.049" classname="com.ipinyou.testcase.dsp.AdvInteriorAudit"/>
</testsuite> <!-- com.ipinyou.testcase.dsp.AdvInteriorAudit -->
