<?xml version="1.0" encoding="UTF-8"?>
<!-- Generated by org.testng.reporters.JUnitReportReporter -->
<testsuite hostname="Brook" name="com.ipinyou.testcase.OwnMediaCreative" tests="5" failures="0" timestamp="28 Sep 2013 06:25:45 GMT" time="20.396" errors="0">
  <testcase name="completecreative" time="2.167" classname="com.ipinyou.testcase.OwnMediaCreative"/>
  <testcase name="increative" time="0.924" classname="com.ipinyou.testcase.OwnMediaCreative"/>
  <testcase name="login" time="2.299" classname="com.ipinyou.testcase.OwnMediaCreative"/>
  <testcase name="search" time="6.085" classname="com.ipinyou.testcase.OwnMediaCreative"/>
  <testcase name="selcreative" time="8.921" classname="com.ipinyou.testcase.OwnMediaCreative"/>
</testsuite> <!-- com.ipinyou.testcase.OwnMediaCreative -->
