<?xml version="1.0" encoding="UTF-8"?>
<!-- Generated by org.testng.reporters.JUnitReportReporter -->
<testsuite hostname="Brook" name="com.ipinyou.testcase.advertiserdsp.Plan" tests="3" failures="0" timestamp="11 Nov 2013 03:19:17 GMT" time="6.153" errors="0">
  <testcase name="search" time="1.753" classname="com.ipinyou.testcase.advertiserdsp.Plan"/>
  <testcase name="login" time="1.375" classname="com.ipinyou.testcase.advertiserdsp.Plan"/>
  <testcase name="createplan" time="3.025" classname="com.ipinyou.testcase.advertiserdsp.Plan"/>
</testsuite> <!-- com.ipinyou.testcase.advertiserdsp.Plan -->
