<?xml version="1.0" encoding="UTF-8"?>
<!-- Generated by org.testng.reporters.JUnitReportReporter -->
<testsuite hostname="FB3TPUDGHJIMGYE" name="com.ipinyou.testcase.selfadvertiser.Strategy" tests="4" failures="0" timestamp="14 Apr 2014 02:39:37 GMT" time="29.948" errors="0">
  <testcase name="login" time="2.282" classname="com.ipinyou.testcase.selfadvertiser.Strategy"/>
  <testcase name="search" time="3.971" classname="com.ipinyou.testcase.selfadvertiser.Strategy"/>
  <testcase name="instrategy" time="1.266" classname="com.ipinyou.testcase.selfadvertiser.Strategy"/>
  <testcase name="createstrategy" time="22.429" classname="com.ipinyou.testcase.selfadvertiser.Strategy"/>
</testsuite> <!-- com.ipinyou.testcase.selfadvertiser.Strategy -->
