<?xml version="1.0" encoding="UTF-8"?>
<!-- Generated by org.testng.reporters.JUnitReportReporter -->
<testsuite hostname="FB3TPUDGHJIMGYE" name="com.ipinyou.testcase.batch.BatchOpenStrategy" tests="5" failures="0" timestamp="24 Apr 2014 03:21:33 GMT" time="11.378" errors="0">
  <testcase name="check1" time="1.237" classname="com.ipinyou.testcase.batch.BatchOpenStrategy"/>
  <testcase name="check2" time="1.272" classname="com.ipinyou.testcase.batch.BatchOpenStrategy"/>
  <testcase name="search" time="6.006" classname="com.ipinyou.testcase.batch.BatchOpenStrategy"/>
  <testcase name="login" time="1.644" classname="com.ipinyou.testcase.batch.BatchOpenStrategy"/>
  <testcase name="batchopen" time="1.219" classname="com.ipinyou.testcase.batch.BatchOpenStrategy"/>
</testsuite> <!-- com.ipinyou.testcase.batch.BatchOpenStrategy -->
