<?xml version="1.0" encoding="UTF-8"?>
<!-- Generated by org.testng.reporters.JUnitReportReporter -->
<testsuite hostname="Brook" name="com.ipinyou.testcase.OwnMediaStrategy" tests="4" failures="0" timestamp="28 Sep 2013 06:25:45 GMT" time="10.002" errors="0">
  <testcase name="instrategy" time="0.155" classname="com.ipinyou.testcase.OwnMediaStrategy"/>
  <testcase name="search" time="5.544" classname="com.ipinyou.testcase.OwnMediaStrategy"/>
  <testcase name="Createownstrategy" time="2.251" classname="com.ipinyou.testcase.OwnMediaStrategy"/>
  <testcase name="login" time="2.052" classname="com.ipinyou.testcase.OwnMediaStrategy"/>
</testsuite> <!-- com.ipinyou.testcase.OwnMediaStrategy -->
