<?xml version="1.0" encoding="UTF-8"?>
<!-- Generated by org.testng.reporters.JUnitReportReporter -->
<testsuite hostname="FB3TPUDGHJIMGYE" name="com.ipinyou.testcase.batch.BatchUpdateCreativeTheme" tests="5" failures="0" timestamp="24 Apr 2014 03:21:33 GMT" time="14.196" errors="0">
  <testcase name="batchupdatecreativetheme" time="1.010" classname="com.ipinyou.testcase.batch.BatchUpdateCreativeTheme"/>
  <testcase name="recover" time="2.404" classname="com.ipinyou.testcase.batch.BatchUpdateCreativeTheme"/>
  <testcase name="search" time="9.013" classname="com.ipinyou.testcase.batch.BatchUpdateCreativeTheme"/>
  <testcase name="check" time="0.000" classname="com.ipinyou.testcase.batch.BatchUpdateCreativeTheme"/>
  <testcase name="login" time="1.769" classname="com.ipinyou.testcase.batch.BatchUpdateCreativeTheme"/>
</testsuite> <!-- com.ipinyou.testcase.batch.BatchUpdateCreativeTheme -->
