<?xml version="1.0" encoding="UTF-8"?>
<!-- Generated by org.testng.reporters.JUnitReportReporter -->
<testsuite hostname="FB3TPUDGHJIMGYE" name="com.ipinyou.testcase.batch.Mobile.BatchCopyStrategyMobApp" tests="4" failures="0" timestamp="24 Apr 2014 07:31:20 GMT" time="27.156" errors="0">
  <testcase name="check" time="12.098" classname="com.ipinyou.testcase.batch.Mobile.BatchCopyStrategyMobApp"/>
  <testcase name="search" time="9.343" classname="com.ipinyou.testcase.batch.Mobile.BatchCopyStrategyMobApp"/>
  <testcase name="login" time="2.181" classname="com.ipinyou.testcase.batch.Mobile.BatchCopyStrategyMobApp"/>
  <testcase name="batchcopy" time="3.534" classname="com.ipinyou.testcase.batch.Mobile.BatchCopyStrategyMobApp"/>
</testsuite> <!-- com.ipinyou.testcase.batch.Mobile.BatchCopyStrategyMobApp -->
