<?xml version="1.0" encoding="UTF-8"?>
<!-- Generated by org.testng.reporters.JUnitReportReporter -->
<testsuite hostname="FB3TPUDGHJIMGYE" name="com.ipinyou.testcase.dsp.DynamicCreative" tests="2" failures="0" timestamp="28 Feb 2014 03:57:36 GMT" time="4.863" errors="0">
  <testcase name="dynamiccreative" time="2.067" classname="com.ipinyou.testcase.dsp.DynamicCreative"/>
  <testcase name="login" time="2.796" classname="com.ipinyou.testcase.dsp.DynamicCreative"/>
</testsuite> <!-- com.ipinyou.testcase.dsp.DynamicCreative -->
