<?xml version="1.0" encoding="UTF-8"?>
<!-- Generated by org.testng.reporters.JUnitReportReporter -->
<testsuite hostname="Brook" name="com.ipinyou.testcase.AdvinteriorAuditAudit" tests="2" failures="0" timestamp="8 Nov 2013 08:35:36 GMT" time="3.803" errors="0">
  <testcase name="interioraudit" time="0.471" classname="com.ipinyou.testcase.AdvinteriorAuditAudit"/>
  <testcase name="login" time="3.332" classname="com.ipinyou.testcase.AdvinteriorAuditAudit"/>
</testsuite> <!-- com.ipinyou.testcase.AdvinteriorAuditAudit -->
