<?xml version="1.0" encoding="UTF-8"?>
<!-- Generated by org.testng.reporters.JUnitReportReporter -->
<testsuite hostname="Brook" name="com.ipinyou.testcase.Plan" tests="4" failures="0" timestamp="8 Nov 2013 08:35:36 GMT" time="9.299" errors="0">
  <testcase name="inplan" time="0.999" classname="com.ipinyou.testcase.Plan"/>
  <testcase name="login" time="2.008" classname="com.ipinyou.testcase.Plan"/>
  <testcase name="search" time="2.556" classname="com.ipinyou.testcase.Plan"/>
  <testcase name="createplan" time="3.736" classname="com.ipinyou.testcase.Plan"/>
</testsuite> <!-- com.ipinyou.testcase.Plan -->
