<?xml version="1.0" encoding="UTF-8"?>
<!-- Generated by org.testng.reporters.JUnitReportReporter -->
<testsuite hostname="Brook" name="com.ipinyou.testcase.Advertiser" tests="2" failures="0" timestamp="8 Nov 2013 08:35:36 GMT" time="6.877" errors="0">
  <testcase name="createad" time="4.824" classname="com.ipinyou.testcase.Advertiser"/>
  <testcase name="login" time="2.053" classname="com.ipinyou.testcase.Advertiser"/>
</testsuite> <!-- com.ipinyou.testcase.Advertiser -->
