<?xml version="1.0" encoding="UTF-8"?>
<!-- Generated by org.testng.reporters.JUnitReportReporter -->
<testsuite hostname="FB3TPUDGHJIMGYE" name="com.ipinyou.testcase.batch.BatchOpenPlan" tests="5" failures="0" timestamp="24 Apr 2014 03:21:33 GMT" time="12.433" errors="0">
  <testcase name="check1" time="1.886" classname="com.ipinyou.testcase.batch.BatchOpenPlan"/>
  <testcase name="batchopen" time="0.212" classname="com.ipinyou.testcase.batch.BatchOpenPlan"/>
  <testcase name="search" time="5.760" classname="com.ipinyou.testcase.batch.BatchOpenPlan"/>
  <testcase name="login" time="2.729" classname="com.ipinyou.testcase.batch.BatchOpenPlan"/>
  <testcase name="check2" time="1.846" classname="com.ipinyou.testcase.batch.BatchOpenPlan"/>
</testsuite> <!-- com.ipinyou.testcase.batch.BatchOpenPlan -->
