<?xml version="1.0" encoding="UTF-8"?>
<!-- Generated by org.testng.reporters.JUnitReportReporter -->
<testsuite hostname="FB3TPUDGHJIMGYE" name="com.ipinyou.testcase.mediamannage.Channel" tests="3" failures="0" timestamp="12 Mar 2014 06:28:15 GMT" time="4.409" errors="0">
  <testcase name="createwebsuit" time="2.166" classname="com.ipinyou.testcase.mediamannage.Channel"/>
  <testcase name="login" time="1.624" classname="com.ipinyou.testcase.mediamannage.Channel"/>
  <testcase name="switchmedia" time="0.619" classname="com.ipinyou.testcase.mediamannage.Channel"/>
</testsuite> <!-- com.ipinyou.testcase.mediamannage.Channel -->
