<?xml version="1.0" encoding="UTF-8"?>
<!-- Generated by org.testng.reporters.JUnitReportReporter -->
<testsuite hostname="FB3TPUDGHJIMGYE" name="com.ipinyou.testcase.dsp.Strategy" tests="4" failures="0" timestamp="24 Apr 2014 08:07:00 GMT" time="34.604" errors="0">
  <testcase name="createstrategy" time="26.477" classname="com.ipinyou.testcase.dsp.Strategy"/>
  <testcase name="search" time="5.450" classname="com.ipinyou.testcase.dsp.Strategy"/>
  <testcase name="instrategy" time="1.223" classname="com.ipinyou.testcase.dsp.Strategy"/>
  <testcase name="login" time="1.454" classname="com.ipinyou.testcase.dsp.Strategy"/>
</testsuite> <!-- com.ipinyou.testcase.dsp.Strategy -->
